[INFO] Scanning for projects...
[INFO] 
[INFO] ---------------------------< lk.helphub:api >---------------------------
[INFO] Building api 0.0.1-SNAPSHOT
[INFO]   from pom.xml
[INFO] --------------------------------[ jar ]---------------------------------
[INFO] 
[INFO] --- clean:3.4.1:clean (default-clean) @ api ---
[INFO] Deleting C:\Users\My PC\Documents\Projects\helphub_be\target
[INFO] 
[INFO] --- resources:3.3.1:resources (default-resources) @ api ---
[INFO] Copying 1 resource from src\main\resources to target\classes
[INFO] Copying 2 resources from src\main\resources to target\classes
[INFO] 
[INFO] --- compiler:3.14.1:compile (default-compile) @ api ---
[INFO] Recompiling the module because of changed source code.
[INFO] Compiling 35 source files with javac [debug parameters release 21] to target\classes
[INFO] /C:/Users/My PC/Documents/Projects/helphub_be/src/main/java/lk/helphub/api/infrastructure/security/SecurityConfig.java: C:\Users\My PC\Documents\Projects\helphub_be\src\main\java\lk\helphub\api\infrastructure\security\SecurityConfig.java uses or overrides a deprecated API.
[INFO] /C:/Users/My PC/Documents/Projects/helphub_be/src/main/java/lk/helphub/api/infrastructure/security/SecurityConfig.java: Recompile with -Xlint:deprecation for details.
[INFO] -------------------------------------------------------------
[ERROR] COMPILATION ERROR : 
[INFO] -------------------------------------------------------------
[ERROR] /C:/Users/My PC/Documents/Projects/helphub_be/src/main/java/lk/helphub/api/presentation/controller/PasswordResetController.java:[34,27] reference to ApiResponse is ambiguous
  both class lk.helphub.api.presentation.dto.ApiResponse in lk.helphub.api.presentation.dto and class io.swagger.v3.oas.annotations.responses.ApiResponse in io.swagger.v3.oas.annotations.responses match
[ERROR] /C:/Users/My PC/Documents/Projects/helphub_be/src/main/java/lk/helphub/api/presentation/controller/PasswordResetController.java:[49,27] reference to ApiResponse is ambiguous
  both class lk.helphub.api.presentation.dto.ApiResponse in lk.helphub.api.presentation.dto and class io.swagger.v3.oas.annotations.responses.ApiResponse in io.swagger.v3.oas.annotations.responses match
[ERROR] /C:/Users/My PC/Documents/Projects/helphub_be/src/main/java/lk/helphub/api/presentation/controller/PasswordResetController.java:[11,1] a type with the same simple name is already defined by the single-type-import of lk.helphub.api.presentation.dto.ApiResponse
[ERROR] /C:/Users/My PC/Documents/Projects/helphub_be/src/main/java/lk/helphub/api/application/AuthService.java:[35,49] cannot find symbol
  symbol:   method getEmail()
  location: variable request of type lk.helphub.api.application.dto.RegisterRequest
[ERROR] /C:/Users/My PC/Documents/Projects/helphub_be/src/main/java/lk/helphub/api/application/AuthService.java:[40,58] cannot find symbol
  symbol:   method builder()
  location: class lk.helphub.api.domain.entity.Role
[ERROR] /C:/Users/My PC/Documents/Projects/helphub_be/src/main/java/lk/helphub/api/application/AuthService.java:[42,24] cannot find symbol
  symbol:   method builder()
  location: class lk.helphub.api.domain.entity.User
[ERROR] /C:/Users/My PC/Documents/Projects/helphub_be/src/main/java/lk/helphub/api/application/AuthService.java:[43,35] cannot find symbol
  symbol:   method getFirstName()
  location: variable request of type lk.helphub.api.application.dto.RegisterRequest
[ERROR] /C:/Users/My PC/Documents/Projects/helphub_be/src/main/java/lk/helphub/api/application/AuthService.java:[44,34] cannot find symbol
  symbol:   method getLastName()
  location: variable request of type lk.helphub.api.application.dto.RegisterRequest
[ERROR] /C:/Users/My PC/Documents/Projects/helphub_be/src/main/java/lk/helphub/api/application/AuthService.java:[45,31] cannot find symbol
  symbol:   method getEmail()
  location: variable request of type lk.helphub.api.application.dto.RegisterRequest
[ERROR] /C:/Users/My PC/Documents/Projects/helphub_be/src/main/java/lk/helphub/api/application/AuthService.java:[46,61] cannot find symbol
  symbol:   method getPassword()
  location: variable request of type lk.helphub.api.application.dto.RegisterRequest
[ERROR] /C:/Users/My PC/Documents/Projects/helphub_be/src/main/java/lk/helphub/api/application/AuthService.java:[56,28] cannot find symbol
  symbol:   method builder()
  location: class lk.helphub.api.application.dto.AuthResponse
[ERROR] /C:/Users/My PC/Documents/Projects/helphub_be/src/main/java/lk/helphub/api/application/AuthService.java:[63,32] cannot find symbol
  symbol:   method getEmail()
  location: variable request of type lk.helphub.api.application.dto.LoginRequest
[ERROR] /C:/Users/My PC/Documents/Projects/helphub_be/src/main/java/lk/helphub/api/application/AuthService.java:[64,32] cannot find symbol
  symbol:   method getPassword()
  location: variable request of type lk.helphub.api.application.dto.LoginRequest
[ERROR] /C:/Users/My PC/Documents/Projects/helphub_be/src/main/java/lk/helphub/api/application/AuthService.java:[68,80] cannot find symbol
  symbol:   method getEmail()
  location: variable request of type lk.helphub.api.application.dto.LoginRequest
[ERROR] /C:/Users/My PC/Documents/Projects/helphub_be/src/main/java/lk/helphub/api/application/AuthService.java:[70,28] cannot find symbol
  symbol:   method builder()
  location: class lk.helphub.api.application.dto.AuthResponse
[ERROR] /C:/Users/My PC/Documents/Projects/helphub_be/src/main/java/lk/helphub/api/application/ProfileService.java:[30,20] cannot find symbol
  symbol:   method getFirstName()
  location: variable request of type lk.helphub.api.application.dto.UpdateProfileRequest
[ERROR] /C:/Users/My PC/Documents/Projects/helphub_be/src/main/java/lk/helphub/api/application/ProfileService.java:[31,38] cannot find symbol
  symbol:   method getFirstName()
  location: variable request of type lk.helphub.api.application.dto.UpdateProfileRequest
[ERROR] /C:/Users/My PC/Documents/Projects/helphub_be/src/main/java/lk/helphub/api/application/ProfileService.java:[33,20] cannot find symbol
  symbol:   method getLastName()
  location: variable request of type lk.helphub.api.application.dto.UpdateProfileRequest
[ERROR] /C:/Users/My PC/Documents/Projects/helphub_be/src/main/java/lk/helphub/api/application/ProfileService.java:[34,37] cannot find symbol
  symbol:   method getLastName()
  location: variable request of type lk.helphub.api.application.dto.UpdateProfileRequest
[ERROR] /C:/Users/My PC/Documents/Projects/helphub_be/src/main/java/lk/helphub/api/application/ProfileService.java:[36,20] cannot find symbol
  symbol:   method getPhoneNumber()
  location: variable request of type lk.helphub.api.application.dto.UpdateProfileRequest
[ERROR] /C:/Users/My PC/Documents/Projects/helphub_be/src/main/java/lk/helphub/api/application/ProfileService.java:[37,40] cannot find symbol
  symbol:   method getPhoneNumber()
  location: variable request of type lk.helphub.api.application.dto.UpdateProfileRequest
[ERROR] /C:/Users/My PC/Documents/Projects/helphub_be/src/main/java/lk/helphub/api/application/ProfileService.java:[39,20] cannot find symbol
  symbol:   method getBio()
  location: variable request of type lk.helphub.api.application.dto.UpdateProfileRequest
[ERROR] /C:/Users/My PC/Documents/Projects/helphub_be/src/main/java/lk/helphub/api/application/ProfileService.java:[40,32] cannot find symbol
  symbol:   method getBio()
  location: variable request of type lk.helphub.api.application.dto.UpdateProfileRequest
[ERROR] /C:/Users/My PC/Documents/Projects/helphub_be/src/main/java/lk/helphub/api/application/ProfileService.java:[49,31] cannot find symbol
  symbol:   method builder()
  location: class lk.helphub.api.application.dto.ProfileResponse
[ERROR] /C:/Users/My PC/Documents/Projects/helphub_be/src/main/java/lk/helphub/api/application/ProfileService.java:[50,25] cannot find symbol
  symbol:   method getId()
  location: variable user of type lk.helphub.api.domain.entity.User
[ERROR] /C:/Users/My PC/Documents/Projects/helphub_be/src/main/java/lk/helphub/api/application/ProfileService.java:[51,32] cannot find symbol
  symbol:   method getFirstName()
  location: variable user of type lk.helphub.api.domain.entity.User
[ERROR] /C:/Users/My PC/Documents/Projects/helphub_be/src/main/java/lk/helphub/api/application/ProfileService.java:[52,31] cannot find symbol
  symbol:   method getLastName()
  location: variable user of type lk.helphub.api.domain.entity.User
[ERROR] /C:/Users/My PC/Documents/Projects/helphub_be/src/main/java/lk/helphub/api/application/ProfileService.java:[53,28] cannot find symbol
  symbol:   method getEmail()
  location: variable user of type lk.helphub.api.domain.entity.User
[ERROR] /C:/Users/My PC/Documents/Projects/helphub_be/src/main/java/lk/helphub/api/application/ProfileService.java:[54,34] cannot find symbol
  symbol:   method getPhoneNumber()
  location: variable user of type lk.helphub.api.domain.entity.User
[ERROR] /C:/Users/My PC/Documents/Projects/helphub_be/src/main/java/lk/helphub/api/application/ProfileService.java:[55,26] cannot find symbol
  symbol:   method getBio()
  location: variable user of type lk.helphub.api.domain.entity.User
[ERROR] /C:/Users/My PC/Documents/Projects/helphub_be/src/main/java/lk/helphub/api/application/ProfileService.java:[56,31] cannot find symbol
  symbol:   method getUserType()
  location: variable user of type lk.helphub.api.domain.entity.User
[ERROR] /C:/Users/My PC/Documents/Projects/helphub_be/src/main/java/lk/helphub/api/application/ProfileService.java:[57,29] cannot find symbol
  symbol:   method getStatus()
  location: variable user of type lk.helphub.api.domain.entity.User
[ERROR] /C:/Users/My PC/Documents/Projects/helphub_be/src/main/java/lk/helphub/api/application/ProfileService.java:[58,32] cannot find symbol
  symbol:   method getCreatedAt()
  location: variable user of type lk.helphub.api.domain.entity.User
[ERROR] /C:/Users/My PC/Documents/Projects/helphub_be/src/main/java/lk/helphub/api/application/ProfileService.java:[59,32] cannot find symbol
  symbol:   method getUpdatedAt()
  location: variable user of type lk.helphub.api.domain.entity.User
[ERROR] /C:/Users/My PC/Documents/Projects/helphub_be/src/main/java/lk/helphub/api/application/impl/PasswordResetServiceImpl.java:[32,55] cannot find symbol
  symbol:   method getEmail()
  location: variable request of type lk.helphub.api.application.dto.ForgotPasswordRequest
[ERROR] /C:/Users/My PC/Documents/Projects/helphub_be/src/main/java/lk/helphub/api/application/impl/PasswordResetServiceImpl.java:[33,104] cannot find symbol
  symbol:   method getEmail()
  location: variable request of type lk.helphub.api.application.dto.ForgotPasswordRequest
[ERROR] /C:/Users/My PC/Documents/Projects/helphub_be/src/main/java/lk/helphub/api/application/impl/PasswordResetServiceImpl.java:[38,15] cannot find symbol
  symbol:   method setUsedAt(java.time.LocalDateTime)
  location: variable pr of type lk.helphub.api.domain.entity.PasswordReset
[ERROR] /C:/Users/My PC/Documents/Projects/helphub_be/src/main/java/lk/helphub/api/application/impl/PasswordResetServiceImpl.java:[43,52] cannot find symbol
  symbol:   method builder()
  location: class lk.helphub.api.domain.entity.PasswordReset
[ERROR] /C:/Users/My PC/Documents/Projects/helphub_be/src/main/java/lk/helphub/api/application/impl/PasswordResetServiceImpl.java:[52,9] cannot find symbol
  symbol:   variable log
  location: class lk.helphub.api.application.impl.PasswordResetServiceImpl
[ERROR] /C:/Users/My PC/Documents/Projects/helphub_be/src/main/java/lk/helphub/api/application/impl/PasswordResetServiceImpl.java:[52,57] cannot find symbol
  symbol:   method getEmail()
  location: variable user of type lk.helphub.api.domain.entity.User
[ERROR] /C:/Users/My PC/Documents/Projects/helphub_be/src/main/java/lk/helphub/api/application/impl/PasswordResetServiceImpl.java:[58,82] cannot find symbol
  symbol:   method getToken()
  location: variable request of type lk.helphub.api.application.dto.ResetPasswordRequest
[ERROR] /C:/Users/My PC/Documents/Projects/helphub_be/src/main/java/lk/helphub/api/application/impl/PasswordResetServiceImpl.java:[61,26] cannot find symbol
  symbol:   method getUsedAt()
  location: variable passwordReset of type lk.helphub.api.domain.entity.PasswordReset
[ERROR] /C:/Users/My PC/Documents/Projects/helphub_be/src/main/java/lk/helphub/api/application/impl/PasswordResetServiceImpl.java:[61,63] cannot find symbol
  symbol:   method getExpiresAt()
  location: variable passwordReset of type lk.helphub.api.domain.entity.PasswordReset
[ERROR] /C:/Users/My PC/Documents/Projects/helphub_be/src/main/java/lk/helphub/api/application/impl/PasswordResetServiceImpl.java:[65,34] cannot find symbol
  symbol:   method getUser()
  location: variable passwordReset of type lk.helphub.api.domain.entity.PasswordReset
[ERROR] /C:/Users/My PC/Documents/Projects/helphub_be/src/main/java/lk/helphub/api/application/impl/PasswordResetServiceImpl.java:[66,60] cannot find symbol
  symbol:   method getNewPassword()
  location: variable request of type lk.helphub.api.application.dto.ResetPasswordRequest
[ERROR] /C:/Users/My PC/Documents/Projects/helphub_be/src/main/java/lk/helphub/api/application/impl/PasswordResetServiceImpl.java:[69,22] cannot find symbol
  symbol:   method setUsedAt(java.time.LocalDateTime)
  location: variable passwordReset of type lk.helphub.api.domain.entity.PasswordReset
[ERROR] /C:/Users/My PC/Documents/Projects/helphub_be/src/main/java/lk/helphub/api/infrastructure/security/CustomUserDetailsService.java:[26,31] cannot find symbol
  symbol:   method getEmail()
  location: variable user of type lk.helphub.api.domain.entity.User
[ERROR] /C:/Users/My PC/Documents/Projects/helphub_be/src/main/java/lk/helphub/api/infrastructure/security/CustomUserDetailsService.java:[27,31] cannot find symbol
  symbol:   method getPasswordHash()
  location: variable user of type lk.helphub.api.domain.entity.User
[ERROR] /C:/Users/My PC/Documents/Projects/helphub_be/src/main/java/lk/helphub/api/infrastructure/security/CustomUserDetailsService.java:[28,34] cannot find symbol
  symbol:   method getRoles()
  location: variable user of type lk.helphub.api.domain.entity.User
[ERROR] /C:/Users/My PC/Documents/Projects/helphub_be/src/main/java/lk/helphub/api/infrastructure/security/CustomUserDetailsService.java:[32,49] cannot find symbol
  symbol:   method getStatus()
  location: variable user of type lk.helphub.api.domain.entity.User
[ERROR] /C:/Users/My PC/Documents/Projects/helphub_be/src/main/java/lk/helphub/api/presentation/controller/AuthController.java:[27,45] cannot find symbol
  symbol:   method <lk.helphub.api.application.dto.AuthResponse>builder()
  location: class lk.helphub.api.presentation.dto.ApiResponse
[ERROR] /C:/Users/My PC/Documents/Projects/helphub_be/src/main/java/lk/helphub/api/presentation/controller/AuthController.java:[40,45] cannot find symbol
  symbol:   method <lk.helphub.api.application.dto.AuthResponse>builder()
  location: class lk.helphub.api.presentation.dto.ApiResponse
[ERROR] /C:/Users/My PC/Documents/Projects/helphub_be/src/main/java/lk/helphub/api/presentation/controller/GlobalExceptionHandler.java:[19,78] cannot find symbol
  symbol:   method builder()
  location: class lk.helphub.api.presentation.dto.ApiResponse
[ERROR] /C:/Users/My PC/Documents/Projects/helphub_be/src/main/java/lk/helphub/api/presentation/controller/GlobalExceptionHandler.java:[31,88] cannot find symbol
  symbol:   method builder()
  location: class lk.helphub.api.presentation.dto.ApiResponse
[ERROR] /C:/Users/My PC/Documents/Projects/helphub_be/src/main/java/lk/helphub/api/presentation/controller/PasswordResetController.java:[36,34] reference to ApiResponse is ambiguous
  both class lk.helphub.api.presentation.dto.ApiResponse in lk.helphub.api.presentation.dto and class io.swagger.v3.oas.annotations.responses.ApiResponse in io.swagger.v3.oas.annotations.responses match
[ERROR] /C:/Users/My PC/Documents/Projects/helphub_be/src/main/java/lk/helphub/api/presentation/controller/PasswordResetController.java:[51,34] reference to ApiResponse is ambiguous
  both class lk.helphub.api.presentation.dto.ApiResponse in lk.helphub.api.presentation.dto and class io.swagger.v3.oas.annotations.responses.ApiResponse in io.swagger.v3.oas.annotations.responses match
[ERROR] /C:/Users/My PC/Documents/Projects/helphub_be/src/main/java/lk/helphub/api/presentation/controller/ProfileController.java:[26,45] cannot find symbol
  symbol:   method <lk.helphub.api.application.dto.ProfileResponse>builder()
  location: class lk.helphub.api.presentation.dto.ApiResponse
[ERROR] /C:/Users/My PC/Documents/Projects/helphub_be/src/main/java/lk/helphub/api/presentation/controller/ProfileController.java:[41,45] cannot find symbol
  symbol:   method <lk.helphub.api.application.dto.ProfileResponse>builder()
  location: class lk.helphub.api.presentation.dto.ApiResponse
[INFO] 58 errors 
[INFO] -------------------------------------------------------------
[INFO] ------------------------------------------------------------------------
[INFO] BUILD FAILURE
[INFO] ------------------------------------------------------------------------
[INFO] Total time:  7.359 s
[INFO] Finished at: 2026-03-11T17:04:14+05:30
[INFO] ------------------------------------------------------------------------
[ERROR] Failed to execute goal org.apache.maven.plugins:maven-compiler-plugin:3.14.1:compile (default-compile) on project api: Compilation failure: Compilation failure: 
[ERROR] /C:/Users/My PC/Documents/Projects/helphub_be/src/main/java/lk/helphub/api/presentation/controller/PasswordResetController.java:[34,27] reference to ApiResponse is ambiguous
[ERROR]   both class lk.helphub.api.presentation.dto.ApiResponse in lk.helphub.api.presentation.dto and class io.swagger.v3.oas.annotations.responses.ApiResponse in io.swagger.v3.oas.annotations.responses match
[ERROR] /C:/Users/My PC/Documents/Projects/helphub_be/src/main/java/lk/helphub/api/presentation/controller/PasswordResetController.java:[49,27] reference to ApiResponse is ambiguous
[ERROR]   both class lk.helphub.api.presentation.dto.ApiResponse in lk.helphub.api.presentation.dto and class io.swagger.v3.oas.annotations.responses.ApiResponse in io.swagger.v3.oas.annotations.responses match
[ERROR] /C:/Users/My PC/Documents/Projects/helphub_be/src/main/java/lk/helphub/api/presentation/controller/PasswordResetController.java:[11,1] a type with the same simple name is already defined by the single-type-import of lk.helphub.api.presentation.dto.ApiResponse
[ERROR] /C:/Users/My PC/Documents/Projects/helphub_be/src/main/java/lk/helphub/api/application/AuthService.java:[35,49] cannot find symbol
[ERROR]   symbol:   method getEmail()
[ERROR]   location: variable request of type lk.helphub.api.application.dto.RegisterRequest
[ERROR] /C:/Users/My PC/Documents/Projects/helphub_be/src/main/java/lk/helphub/api/application/AuthService.java:[40,58] cannot find symbol
[ERROR]   symbol:   method builder()
[ERROR]   location: class lk.helphub.api.domain.entity.Role
[ERROR] /C:/Users/My PC/Documents/Projects/helphub_be/src/main/java/lk/helphub/api/application/AuthService.java:[42,24] cannot find symbol
[ERROR]   symbol:   method builder()
[ERROR]   location: class lk.helphub.api.domain.entity.User
[ERROR] /C:/Users/My PC/Documents/Projects/helphub_be/src/main/java/lk/helphub/api/application/AuthService.java:[43,35] cannot find symbol
[ERROR]   symbol:   method getFirstName()
[ERROR]   location: variable request of type lk.helphub.api.application.dto.RegisterRequest
[ERROR] /C:/Users/My PC/Documents/Projects/helphub_be/src/main/java/lk/helphub/api/application/AuthService.java:[44,34] cannot find symbol
[ERROR]   symbol:   method getLastName()
[ERROR]   location: variable request of type lk.helphub.api.application.dto.RegisterRequest
[ERROR] /C:/Users/My PC/Documents/Projects/helphub_be/src/main/java/lk/helphub/api/application/AuthService.java:[45,31] cannot find symbol
[ERROR]   symbol:   method getEmail()
[ERROR]   location: variable request of type lk.helphub.api.application.dto.RegisterRequest
[ERROR] /C:/Users/My PC/Documents/Projects/helphub_be/src/main/java/lk/helphub/api/application/AuthService.java:[46,61] cannot find symbol
[ERROR]   symbol:   method getPassword()
[ERROR]   location: variable request of type lk.helphub.api.application.dto.RegisterRequest
[ERROR] /C:/Users/My PC/Documents/Projects/helphub_be/src/main/java/lk/helphub/api/application/AuthService.java:[56,28] cannot find symbol
[ERROR]   symbol:   method builder()
[ERROR]   location: class lk.helphub.api.application.dto.AuthResponse
[ERROR] /C:/Users/My PC/Documents/Projects/helphub_be/src/main/java/lk/helphub/api/application/AuthService.java:[63,32] cannot find symbol
[ERROR]   symbol:   method getEmail()
[ERROR]   location: variable request of type lk.helphub.api.application.dto.LoginRequest
[ERROR] /C:/Users/My PC/Documents/Projects/helphub_be/src/main/java/lk/helphub/api/application/AuthService.java:[64,32] cannot find symbol
[ERROR]   symbol:   method getPassword()
[ERROR]   location: variable request of type lk.helphub.api.application.dto.LoginRequest
[ERROR] /C:/Users/My PC/Documents/Projects/helphub_be/src/main/java/lk/helphub/api/application/AuthService.java:[68,80] cannot find symbol
[ERROR]   symbol:   method getEmail()
[ERROR]   location: variable request of type lk.helphub.api.application.dto.LoginRequest
[ERROR] /C:/Users/My PC/Documents/Projects/helphub_be/src/main/java/lk/helphub/api/application/AuthService.java:[70,28] cannot find symbol
[ERROR]   symbol:   method builder()
[ERROR]   location: class lk.helphub.api.application.dto.AuthResponse
[ERROR] /C:/Users/My PC/Documents/Projects/helphub_be/src/main/java/lk/helphub/api/application/ProfileService.java:[30,20] cannot find symbol
[ERROR]   symbol:   method getFirstName()
[ERROR]   location: variable request of type lk.helphub.api.application.dto.UpdateProfileRequest
[ERROR] /C:/Users/My PC/Documents/Projects/helphub_be/src/main/java/lk/helphub/api/application/ProfileService.java:[31,38] cannot find symbol
[ERROR]   symbol:   method getFirstName()
[ERROR]   location: variable request of type lk.helphub.api.application.dto.UpdateProfileRequest
[ERROR] /C:/Users/My PC/Documents/Projects/helphub_be/src/main/java/lk/helphub/api/application/ProfileService.java:[33,20] cannot find symbol
[ERROR]   symbol:   method getLastName()
[ERROR]   location: variable request of type lk.helphub.api.application.dto.UpdateProfileRequest
[ERROR] /C:/Users/My PC/Documents/Projects/helphub_be/src/main/java/lk/helphub/api/application/ProfileService.java:[34,37] cannot find symbol
[ERROR]   symbol:   method getLastName()
[ERROR]   location: variable request of type lk.helphub.api.application.dto.UpdateProfileRequest
[ERROR] /C:/Users/My PC/Documents/Projects/helphub_be/src/main/java/lk/helphub/api/application/ProfileService.java:[36,20] cannot find symbol
[ERROR]   symbol:   method getPhoneNumber()
[ERROR]   location: variable request of type lk.helphub.api.application.dto.UpdateProfileRequest
[ERROR] /C:/Users/My PC/Documents/Projects/helphub_be/src/main/java/lk/helphub/api/application/ProfileService.java:[37,40] cannot find symbol
[ERROR]   symbol:   method getPhoneNumber()
[ERROR]   location: variable request of type lk.helphub.api.application.dto.UpdateProfileRequest
[ERROR] /C:/Users/My PC/Documents/Projects/helphub_be/src/main/java/lk/helphub/api/application/ProfileService.java:[39,20] cannot find symbol
[ERROR]   symbol:   method getBio()
[ERROR]   location: variable request of type lk.helphub.api.application.dto.UpdateProfileRequest
[ERROR] /C:/Users/My PC/Documents/Projects/helphub_be/src/main/java/lk/helphub/api/application/ProfileService.java:[40,32] cannot find symbol
[ERROR]   symbol:   method getBio()
[ERROR]   location: variable request of type lk.helphub.api.application.dto.UpdateProfileRequest
[ERROR] /C:/Users/My PC/Documents/Projects/helphub_be/src/main/java/lk/helphub/api/application/ProfileService.java:[49,31] cannot find symbol
[ERROR]   symbol:   method builder()
[ERROR]   location: class lk.helphub.api.application.dto.ProfileResponse
[ERROR] /C:/Users/My PC/Documents/Projects/helphub_be/src/main/java/lk/helphub/api/application/ProfileService.java:[50,25] cannot find symbol
[ERROR]   symbol:   method getId()
[ERROR]   location: variable user of type lk.helphub.api.domain.entity.User
[ERROR] /C:/Users/My PC/Documents/Projects/helphub_be/src/main/java/lk/helphub/api/application/ProfileService.java:[51,32] cannot find symbol
[ERROR]   symbol:   method getFirstName()
[ERROR]   location: variable user of type lk.helphub.api.domain.entity.User
[ERROR] /C:/Users/My PC/Documents/Projects/helphub_be/src/main/java/lk/helphub/api/application/ProfileService.java:[52,31] cannot find symbol
[ERROR]   symbol:   method getLastName()
[ERROR]   location: variable user of type lk.helphub.api.domain.entity.User
[ERROR] /C:/Users/My PC/Documents/Projects/helphub_be/src/main/java/lk/helphub/api/application/ProfileService.java:[53,28] cannot find symbol
[ERROR]   symbol:   method getEmail()
[ERROR]   location: variable user of type lk.helphub.api.domain.entity.User
[ERROR] /C:/Users/My PC/Documents/Projects/helphub_be/src/main/java/lk/helphub/api/application/ProfileService.java:[54,34] cannot find symbol
[ERROR]   symbol:   method getPhoneNumber()
[ERROR]   location: variable user of type lk.helphub.api.domain.entity.User
[ERROR] /C:/Users/My PC/Documents/Projects/helphub_be/src/main/java/lk/helphub/api/application/ProfileService.java:[55,26] cannot find symbol
[ERROR]   symbol:   method getBio()
[ERROR]   location: variable user of type lk.helphub.api.domain.entity.User
[ERROR] /C:/Users/My PC/Documents/Projects/helphub_be/src/main/java/lk/helphub/api/application/ProfileService.java:[56,31] cannot find symbol
[ERROR]   symbol:   method getUserType()
[ERROR]   location: variable user of type lk.helphub.api.domain.entity.User
[ERROR] /C:/Users/My PC/Documents/Projects/helphub_be/src/main/java/lk/helphub/api/application/ProfileService.java:[57,29] cannot find symbol
[ERROR]   symbol:   method getStatus()
[ERROR]   location: variable user of type lk.helphub.api.domain.entity.User
[ERROR] /C:/Users/My PC/Documents/Projects/helphub_be/src/main/java/lk/helphub/api/application/ProfileService.java:[58,32] cannot find symbol
[ERROR]   symbol:   method getCreatedAt()
[ERROR]   location: variable user of type lk.helphub.api.domain.entity.User
[ERROR] /C:/Users/My PC/Documents/Projects/helphub_be/src/main/java/lk/helphub/api/application/ProfileService.java:[59,32] cannot find symbol
[ERROR]   symbol:   method getUpdatedAt()
[ERROR]   location: variable user of type lk.helphub.api.domain.entity.User
[ERROR] /C:/Users/My PC/Documents/Projects/helphub_be/src/main/java/lk/helphub/api/application/impl/PasswordResetServiceImpl.java:[32,55] cannot find symbol
[ERROR]   symbol:   method getEmail()
[ERROR]   location: variable request of type lk.helphub.api.application.dto.ForgotPasswordRequest
[ERROR] /C:/Users/My PC/Documents/Projects/helphub_be/src/main/java/lk/helphub/api/application/impl/PasswordResetServiceImpl.java:[33,104] cannot find symbol
[ERROR]   symbol:   method getEmail()
[ERROR]   location: variable request of type lk.helphub.api.application.dto.ForgotPasswordRequest
[ERROR] /C:/Users/My PC/Documents/Projects/helphub_be/src/main/java/lk/helphub/api/application/impl/PasswordResetServiceImpl.java:[38,15] cannot find symbol
[ERROR]   symbol:   method setUsedAt(java.time.LocalDateTime)
[ERROR]   location: variable pr of type lk.helphub.api.domain.entity.PasswordReset
[ERROR] /C:/Users/My PC/Documents/Projects/helphub_be/src/main/java/lk/helphub/api/application/impl/PasswordResetServiceImpl.java:[43,52] cannot find symbol
[ERROR]   symbol:   method builder()
[ERROR]   location: class lk.helphub.api.domain.entity.PasswordReset
[ERROR] /C:/Users/My PC/Documents/Projects/helphub_be/src/main/java/lk/helphub/api/application/impl/PasswordResetServiceImpl.java:[52,9] cannot find symbol
[ERROR]   symbol:   variable log
[ERROR]   location: class lk.helphub.api.application.impl.PasswordResetServiceImpl
[ERROR] /C:/Users/My PC/Documents/Projects/helphub_be/src/main/java/lk/helphub/api/application/impl/PasswordResetServiceImpl.java:[52,57] cannot find symbol
[ERROR]   symbol:   method getEmail()
[ERROR]   location: variable user of type lk.helphub.api.domain.entity.User
[ERROR] /C:/Users/My PC/Documents/Projects/helphub_be/src/main/java/lk/helphub/api/application/impl/PasswordResetServiceImpl.java:[58,82] cannot find symbol
[ERROR]   symbol:   method getToken()
[ERROR]   location: variable request of type lk.helphub.api.application.dto.ResetPasswordRequest
[ERROR] /C:/Users/My PC/Documents/Projects/helphub_be/src/main/java/lk/helphub/api/application/impl/PasswordResetServiceImpl.java:[61,26] cannot find symbol
[ERROR]   symbol:   method getUsedAt()
[ERROR]   location: variable passwordReset of type lk.helphub.api.domain.entity.PasswordReset
[ERROR] /C:/Users/My PC/Documents/Projects/helphub_be/src/main/java/lk/helphub/api/application/impl/PasswordResetServiceImpl.java:[61,63] cannot find symbol
[ERROR]   symbol:   method getExpiresAt()
[ERROR]   location: variable passwordReset of type lk.helphub.api.domain.entity.PasswordReset
[ERROR] /C:/Users/My PC/Documents/Projects/helphub_be/src/main/java/lk/helphub/api/application/impl/PasswordResetServiceImpl.java:[65,34] cannot find symbol
[ERROR]   symbol:   method getUser()
[ERROR]   location: variable passwordReset of type lk.helphub.api.domain.entity.PasswordReset
[ERROR] /C:/Users/My PC/Documents/Projects/helphub_be/src/main/java/lk/helphub/api/application/impl/PasswordResetServiceImpl.java:[66,60] cannot find symbol
[ERROR]   symbol:   method getNewPassword()
[ERROR]   location: variable request of type lk.helphub.api.application.dto.ResetPasswordRequest
[ERROR] /C:/Users/My PC/Documents/Projects/helphub_be/src/main/java/lk/helphub/api/application/impl/PasswordResetServiceImpl.java:[69,22] cannot find symbol
[ERROR]   symbol:   method setUsedAt(java.time.LocalDateTime)
[ERROR]   location: variable passwordReset of type lk.helphub.api.domain.entity.PasswordReset
[ERROR] /C:/Users/My PC/Documents/Projects/helphub_be/src/main/java/lk/helphub/api/infrastructure/security/CustomUserDetailsService.java:[26,31] cannot find symbol
[ERROR]   symbol:   method getEmail()
[ERROR]   location: variable user of type lk.helphub.api.domain.entity.User
[ERROR] /C:/Users/My PC/Documents/Projects/helphub_be/src/main/java/lk/helphub/api/infrastructure/security/CustomUserDetailsService.java:[27,31] cannot find symbol
[ERROR]   symbol:   method getPasswordHash()
[ERROR]   location: variable user of type lk.helphub.api.domain.entity.User
[ERROR] /C:/Users/My PC/Documents/Projects/helphub_be/src/main/java/lk/helphub/api/infrastructure/security/CustomUserDetailsService.java:[28,34] cannot find symbol
[ERROR]   symbol:   method getRoles()
[ERROR]   location: variable user of type lk.helphub.api.domain.entity.User
[ERROR] /C:/Users/My PC/Documents/Projects/helphub_be/src/main/java/lk/helphub/api/infrastructure/security/CustomUserDetailsService.java:[32,49] cannot find symbol
[ERROR]   symbol:   method getStatus()
[ERROR]   location: variable user of type lk.helphub.api.domain.entity.User
[ERROR] /C:/Users/My PC/Documents/Projects/helphub_be/src/main/java/lk/helphub/api/presentation/controller/AuthController.java:[27,45] cannot find symbol
[ERROR]   symbol:   method <lk.helphub.api.application.dto.AuthResponse>builder()
[ERROR]   location: class lk.helphub.api.presentation.dto.ApiResponse
[ERROR] /C:/Users/My PC/Documents/Projects/helphub_be/src/main/java/lk/helphub/api/presentation/controller/AuthController.java:[40,45] cannot find symbol
[ERROR]   symbol:   method <lk.helphub.api.application.dto.AuthResponse>builder()
[ERROR]   location: class lk.helphub.api.presentation.dto.ApiResponse
[ERROR] /C:/Users/My PC/Documents/Projects/helphub_be/src/main/java/lk/helphub/api/presentation/controller/GlobalExceptionHandler.java:[19,78] cannot find symbol
[ERROR]   symbol:   method builder()
[ERROR]   location: class lk.helphub.api.presentation.dto.ApiResponse
[ERROR] /C:/Users/My PC/Documents/Projects/helphub_be/src/main/java/lk/helphub/api/presentation/controller/GlobalExceptionHandler.java:[31,88] cannot find symbol
[ERROR]   symbol:   method builder()
[ERROR]   location: class lk.helphub.api.presentation.dto.ApiResponse
[ERROR] /C:/Users/My PC/Documents/Projects/helphub_be/src/main/java/lk/helphub/api/presentation/controller/PasswordResetController.java:[36,34] reference to ApiResponse is ambiguous
[ERROR]   both class lk.helphub.api.presentation.dto.ApiResponse in lk.helphub.api.presentation.dto and class io.swagger.v3.oas.annotations.responses.ApiResponse in io.swagger.v3.oas.annotations.responses match
[ERROR] /C:/Users/My PC/Documents/Projects/helphub_be/src/main/java/lk/helphub/api/presentation/controller/PasswordResetController.java:[51,34] reference to ApiResponse is ambiguous
[ERROR]   both class lk.helphub.api.presentation.dto.ApiResponse in lk.helphub.api.presentation.dto and class io.swagger.v3.oas.annotations.responses.ApiResponse in io.swagger.v3.oas.annotations.responses match
[ERROR] /C:/Users/My PC/Documents/Projects/helphub_be/src/main/java/lk/helphub/api/presentation/controller/ProfileController.java:[26,45] cannot find symbol
[ERROR]   symbol:   method <lk.helphub.api.application.dto.ProfileResponse>builder()
[ERROR]   location: class lk.helphub.api.presentation.dto.ApiResponse
[ERROR] /C:/Users/My PC/Documents/Projects/helphub_be/src/main/java/lk/helphub/api/presentation/controller/ProfileController.java:[41,45] cannot find symbol
[ERROR]   symbol:   method <lk.helphub.api.application.dto.ProfileResponse>builder()
[ERROR]   location: class lk.helphub.api.presentation.dto.ApiResponse
[ERROR] -> [Help 1]
[ERROR] 
[ERROR] To see the full stack trace of the errors, re-run Maven with the -e switch.
[ERROR] Re-run Maven using the -X switch to enable full debug logging.
[ERROR] 
[ERROR] For more information about the errors and possible solutions, please read the following articles:
[ERROR] [Help 1] http://cwiki.apache.org/confluence/display/MAVEN/MojoFailureException
