[INFO] Scanning for projects...
[INFO] 
[INFO] ---------------------------< lk.helphub:api >---------------------------
[INFO] Building api 0.0.1-SNAPSHOT
[INFO]   from pom.xml
[INFO] --------------------------------[ jar ]---------------------------------
[INFO] 
[INFO] >>> spring-boot:3.5.11:run (default-cli) > test-compile @ api >>>
[INFO] 
[INFO] --- resources:3.3.1:resources (default-resources) @ api ---
[INFO] Copying 1 resource from src\main\resources to target\classes
[INFO] Copying 3 resources from src\main\resources to target\classes
[INFO] 
[INFO] --- compiler:3.14.1:compile (default-compile) @ api ---
[INFO] Nothing to compile - all classes are up to date.
[INFO] 
[INFO] --- resources:3.3.1:testResources (default-testResources) @ api ---
[INFO] skip non existing resourceDirectory C:\Users\My PC\Documents\Projects\helphub_be\src\test\resources
[INFO] 
[INFO] --- compiler:3.14.1:testCompile (default-testCompile) @ api ---
[INFO] Nothing to compile - all classes are up to date.
[INFO] 
[INFO] <<< spring-boot:3.5.11:run (default-cli) < test-compile @ api <<<
[INFO] 
[INFO] 
[INFO] --- spring-boot:3.5.11:run (default-cli) @ api ---
[INFO] Attaching agents: []

  .   ____          _            __ _ _
 /\\ / ___'_ __ _ _(_)_ __  __ _ \ \ \ \
( ( )\___ | '_ | '_| | '_ \/ _` | \ \ \ \
 \\/  ___)| |_)| | | | | || (_| |  ) ) ) )
  '  |____| .__|_| |_|_| |_\__, | / / / /
 =========|_|==============|___/=/_/_/_/

 :: Spring Boot ::               (v3.5.11)

2026-03-16T12:23:52.817+05:30  INFO 1772 --- [com.alephaz.lk.helphub] [  restartedMain] lk.helphub.api.ApiApplication            : Starting ApiApplication using Java 22.0.2 with PID 1772 (C:\Users\My PC\Documents\Projects\helphub_be\target\classes started by My PC in C:\Users\My PC\Documents\Projects\helphub_be)
2026-03-16T12:23:52.821+05:30  INFO 1772 --- [com.alephaz.lk.helphub] [  restartedMain] lk.helphub.api.ApiApplication            : No active profile set, falling back to 1 default profile: "default"
2026-03-16T12:23:52.891+05:30  INFO 1772 --- [com.alephaz.lk.helphub] [  restartedMain] .e.DevToolsPropertyDefaultsPostProcessor : Devtools property defaults active! Set 'spring.devtools.add-properties' to 'false' to disable
2026-03-16T12:23:52.891+05:30  INFO 1772 --- [com.alephaz.lk.helphub] [  restartedMain] .e.DevToolsPropertyDefaultsPostProcessor : For additional web related logging consider setting the 'logging.level.web' property to 'DEBUG'
2026-03-16T12:23:54.518+05:30  INFO 1772 --- [com.alephaz.lk.helphub] [  restartedMain] .s.d.r.c.RepositoryConfigurationDelegate : Bootstrapping Spring Data JPA repositories in DEFAULT mode.
2026-03-16T12:23:54.666+05:30  INFO 1772 --- [com.alephaz.lk.helphub] [  restartedMain] .s.d.r.c.RepositoryConfigurationDelegate : Finished Spring Data repository scanning in 137 ms. Found 9 JPA repository interfaces.
2026-03-16T12:23:55.788+05:30  INFO 1772 --- [com.alephaz.lk.helphub] [  restartedMain] o.s.b.w.embedded.tomcat.TomcatWebServer  : Tomcat initialized with port 8080 (http)
2026-03-16T12:23:55.824+05:30  INFO 1772 --- [com.alephaz.lk.helphub] [  restartedMain] o.apache.catalina.core.StandardService   : Starting service [Tomcat]
2026-03-16T12:23:55.826+05:30  INFO 1772 --- [com.alephaz.lk.helphub] [  restartedMain] o.apache.catalina.core.StandardEngine    : Starting Servlet engine: [Apache Tomcat/10.1.52]
2026-03-16T12:23:55.884+05:30  INFO 1772 --- [com.alephaz.lk.helphub] [  restartedMain] o.a.c.c.C.[Tomcat].[localhost].[/]       : Initializing Spring embedded WebApplicationContext
2026-03-16T12:23:55.886+05:30  INFO 1772 --- [com.alephaz.lk.helphub] [  restartedMain] w.s.c.ServletWebServerApplicationContext : Root WebApplicationContext: initialization completed in 2991 ms
2026-03-16T12:23:56.048+05:30  INFO 1772 --- [com.alephaz.lk.helphub] [  restartedMain] com.zaxxer.hikari.HikariDataSource       : HikariPool-1 - Starting...
2026-03-16T12:23:56.120+05:30  INFO 1772 --- [com.alephaz.lk.helphub] [  restartedMain] com.zaxxer.hikari.pool.HikariPool        : HikariPool-1 - Added connection org.postgresql.jdbc.PgConnection@74069631
2026-03-16T12:23:56.122+05:30  INFO 1772 --- [com.alephaz.lk.helphub] [  restartedMain] com.zaxxer.hikari.HikariDataSource       : HikariPool-1 - Start completed.
2026-03-16T12:23:56.309+05:30  INFO 1772 --- [com.alephaz.lk.helphub] [  restartedMain] liquibase.database                       : Set default schema name to public
2026-03-16T12:23:57.065+05:30  INFO 1772 --- [com.alephaz.lk.helphub] [  restartedMain] liquibase.changelog                      : Reading from public.databasechangelog
2026-03-16T12:23:57.237+05:30  INFO 1772 --- [com.alephaz.lk.helphub] [  restartedMain] liquibase.lockservice                    : Successfully acquired change log lock
2026-03-16T12:23:57.242+05:30  INFO 1772 --- [com.alephaz.lk.helphub] [  restartedMain] liquibase.command                        : Using deploymentId: 3644036021
2026-03-16T12:23:57.244+05:30  INFO 1772 --- [com.alephaz.lk.helphub] [  restartedMain] liquibase.changelog                      : Reading from public.databasechangelog
2026-03-16T12:23:57.309+05:30  INFO 1772 --- [com.alephaz.lk.helphub] [  restartedMain] liquibase.ui                             : Running Changeset: db/changelog/changes/001-initial-schema.sql::9-otps::antigravity
2026-03-16T12:23:57.593+05:30  INFO 1772 --- [com.alephaz.lk.helphub] [  restartedMain] liquibase.changelog                      : Custom SQL executed
2026-03-16T12:23:57.595+05:30  INFO 1772 --- [com.alephaz.lk.helphub] [  restartedMain] liquibase.changelog                      : ChangeSet db/changelog/changes/001-initial-schema.sql::9-otps::antigravity ran successfully in 284ms
2026-03-16T12:23:57.598+05:30  INFO 1772 --- [com.alephaz.lk.helphub] [  restartedMain] liquibase.ui                             : Running Changeset: db/changelog/changes/001-initial-schema.sql::10-verification::antigravity
2026-03-16T12:23:57.617+05:30  INFO 1772 --- [com.alephaz.lk.helphub] [  restartedMain] liquibase.changelog                      : Custom SQL executed
2026-03-16T12:23:57.617+05:30  INFO 1772 --- [com.alephaz.lk.helphub] [  restartedMain] liquibase.changelog                      : ChangeSet db/changelog/changes/001-initial-schema.sql::10-verification::antigravity ran successfully in 19ms
2026-03-16T12:23:57.622+05:30  INFO 1772 --- [com.alephaz.lk.helphub] [  restartedMain] liquibase.ui                             : Running Changeset: db/changelog/changes/002-service-categories.sql::11::antigravity
2026-03-16T12:23:57.627+05:30  INFO 1772 --- [com.alephaz.lk.helphub] [  restartedMain] liquibase.changelog                      : Custom SQL executed
2026-03-16T12:23:57.627+05:30  INFO 1772 --- [com.alephaz.lk.helphub] [  restartedMain] liquibase.changelog                      : ChangeSet db/changelog/changes/002-service-categories.sql::11::antigravity ran successfully in 5ms
2026-03-16T12:23:57.631+05:30  INFO 1772 --- [com.alephaz.lk.helphub] [  restartedMain] liquibase.ui                             : Running Changeset: db/changelog/changes/002-service-categories.sql::12::antigravity
2026-03-16T12:23:57.664+05:30  INFO 1772 --- [com.alephaz.lk.helphub] [  restartedMain] liquibase.changelog                      : Custom SQL executed
2026-03-16T12:23:57.667+05:30  INFO 1772 --- [com.alephaz.lk.helphub] [  restartedMain] liquibase.changelog                      : ChangeSet db/changelog/changes/002-service-categories.sql::12::antigravity ran successfully in 34ms
2026-03-16T12:23:57.676+05:30  INFO 1772 --- [com.alephaz.lk.helphub] [  restartedMain] liquibase.util                           : UPDATE SUMMARY
2026-03-16T12:23:57.676+05:30  INFO 1772 --- [com.alephaz.lk.helphub] [  restartedMain] liquibase.util                           : Run:                          4
2026-03-16T12:23:57.676+05:30  INFO 1772 --- [com.alephaz.lk.helphub] [  restartedMain] liquibase.util                           : Previously run:              10
2026-03-16T12:23:57.676+05:30  INFO 1772 --- [com.alephaz.lk.helphub] [  restartedMain] liquibase.util                           : Filtered out:                 0
2026-03-16T12:23:57.676+05:30  INFO 1772 --- [com.alephaz.lk.helphub] [  restartedMain] liquibase.util                           : -------------------------------
2026-03-16T12:23:57.676+05:30  INFO 1772 --- [com.alephaz.lk.helphub] [  restartedMain] liquibase.util                           : Total change sets:           14
2026-03-16T12:23:57.680+05:30  INFO 1772 --- [com.alephaz.lk.helphub] [  restartedMain] liquibase.util                           : Update summary generated
2026-03-16T12:23:57.684+05:30  INFO 1772 --- [com.alephaz.lk.helphub] [  restartedMain] liquibase.command                        : Update command completed successfully.
2026-03-16T12:23:57.684+05:30  INFO 1772 --- [com.alephaz.lk.helphub] [  restartedMain] liquibase.ui                             : Liquibase: Update has been successful. Rows affected: 4
2026-03-16T12:23:57.687+05:30  INFO 1772 --- [com.alephaz.lk.helphub] [  restartedMain] liquibase.lockservice                    : Successfully released change log lock
2026-03-16T12:23:57.687+05:30  INFO 1772 --- [com.alephaz.lk.helphub] [  restartedMain] liquibase.command                        : Command execution complete
2026-03-16T12:23:59.422+05:30  INFO 1772 --- [com.alephaz.lk.helphub] [  restartedMain] o.hibernate.jpa.internal.util.LogHelper  : HHH000204: Processing PersistenceUnitInfo [name: default]
2026-03-16T12:23:59.565+05:30  INFO 1772 --- [com.alephaz.lk.helphub] [  restartedMain] org.hibernate.Version                    : HHH000412: Hibernate ORM core version 6.6.42.Final
2026-03-16T12:23:59.620+05:30  INFO 1772 --- [com.alephaz.lk.helphub] [  restartedMain] o.h.c.internal.RegionFactoryInitiator    : HHH000026: Second-level cache disabled
2026-03-16T12:24:00.120+05:30  INFO 1772 --- [com.alephaz.lk.helphub] [  restartedMain] o.s.o.j.p.SpringPersistenceUnitInfo      : No LoadTimeWeaver setup: ignoring JPA class transformer
2026-03-16T12:24:00.208+05:30  WARN 1772 --- [com.alephaz.lk.helphub] [  restartedMain] org.hibernate.orm.deprecation            : HHH90000025: PostgreSQLDialect does not need to be specified explicitly using 'hibernate.dialect' (remove the property setting and it will be selected by default)
2026-03-16T12:24:00.230+05:30  INFO 1772 --- [com.alephaz.lk.helphub] [  restartedMain] org.hibernate.orm.connections.pooling    : HHH10001005: Database info:
	Database JDBC URL [Connecting through datasource 'HikariDataSource (HikariPool-1)']
	Database driver: undefined/unknown
	Database version: 16.13
	Autocommit mode: undefined/unknown
	Isolation level: undefined/unknown
	Minimum pool size: undefined/unknown
	Maximum pool size: undefined/unknown
2026-03-16T12:24:02.346+05:30  INFO 1772 --- [com.alephaz.lk.helphub] [  restartedMain] o.h.e.t.j.p.i.JtaPlatformInitiator       : HHH000489: No JTA platform available (set 'hibernate.transaction.jta.platform' to enable JTA platform integration)
2026-03-16T12:24:02.455+05:30  INFO 1772 --- [com.alephaz.lk.helphub] [  restartedMain] j.LocalContainerEntityManagerFactoryBean : Initialized JPA EntityManagerFactory for persistence unit 'default'
2026-03-16T12:24:03.177+05:30  INFO 1772 --- [com.alephaz.lk.helphub] [  restartedMain] eAuthenticationProviderManagerConfigurer : Global AuthenticationManager configured with AuthenticationProvider bean with name authenticationProvider
2026-03-16T12:24:03.177+05:30  WARN 1772 --- [com.alephaz.lk.helphub] [  restartedMain] r$InitializeUserDetailsManagerConfigurer : Global AuthenticationManager configured with an AuthenticationProvider bean. UserDetailsService beans will not be used by Spring Security for automatically configuring username/password login. Consider removing the AuthenticationProvider bean. Alternatively, consider using the UserDetailsService in a manually instantiated DaoAuthenticationProvider. If the current configuration is intentional, to turn off this warning, increase the logging level of 'org.springframework.security.config.annotation.authentication.configuration.InitializeUserDetailsBeanManagerConfigurer' to ERROR
2026-03-16T12:24:03.717+05:30  WARN 1772 --- [com.alephaz.lk.helphub] [  restartedMain] JpaBaseConfiguration$JpaWebConfiguration : spring.jpa.open-in-view is enabled by default. Therefore, database queries may be performed during view rendering. Explicitly configure spring.jpa.open-in-view to disable this warning
2026-03-16T12:24:04.815+05:30  INFO 1772 --- [com.alephaz.lk.helphub] [  restartedMain] o.s.b.d.a.OptionalLiveReloadServer       : LiveReload server is running on port 35729
2026-03-16T12:24:04.871+05:30  INFO 1772 --- [com.alephaz.lk.helphub] [  restartedMain] o.s.b.w.embedded.tomcat.TomcatWebServer  : Tomcat started on port 8080 (http) with context path '/'
2026-03-16T12:24:04.888+05:30  INFO 1772 --- [com.alephaz.lk.helphub] [  restartedMain] lk.helphub.api.ApiApplication            : Started ApiApplication in 12.93 seconds (process running for 13.891)
